[debug] [2025-09-28T16:35:51.764Z] ----------------------------------------------------------------------
[debug] [2025-09-28T16:35:51.774Z] Command:       C:\Program Files\nodejs\node.exe C:\Users\HP 15S-EQ2019NS\AppData\Roaming\npm\node_modules\firebase-tools\lib\bin\firebase.js init
[debug] [2025-09-28T16:35:51.776Z] CLI Version:   14.17.0
[debug] [2025-09-28T16:35:51.777Z] Platform:      win32
[debug] [2025-09-28T16:35:51.777Z] Node Version:  v22.19.0
[debug] [2025-09-28T16:35:51.778Z] Time:          Sun Sep 28 2025 11:35:51 GMT-0500 (hora estándar de Colombia)
[debug] [2025-09-28T16:35:51.778Z] ----------------------------------------------------------------------
[debug] 
[debug] [2025-09-28T16:35:51.799Z] > command requires scopes: ["email","openid","https://www.googleapis.com/auth/cloudplatformprojects.readonly","https://www.googleapis.com/auth/firebase","https://www.googleapis.com/auth/cloud-platform"]
[debug] [2025-09-28T16:35:51.801Z] > authorizing via signed-in user (juan.canoac@amigo.edu.co)
[info] 
     ######## #### ########  ######## ########     ###     ######  ########
     ##        ##  ##     ## ##       ##     ##  ##   ##  ##       ##
     ######    ##  ########  ######   ########  #########  ######  ######
     ##        ##  ##    ##  ##       ##     ## ##     ##       ## ##
     ##       #### ##     ## ######## ########  ##     ##  ######  ########

You're about to initialize a Firebase project in this directory:

  C:\Users\HP 15S-EQ2019NS\OneDrive\Escritorio\My-app

[info] 
=== Project Setup
[info] 
[info] First, let's associate this project directory with a Firebase project.
[info] You can create multiple project aliases by running firebase use --add, 
[info] but for now we'll just set up a default project.
[info] 
[debug] [2025-09-28T16:37:41.549Z] Checked if tokens are valid: true, expires at: 1759080914885
[debug] [2025-09-28T16:37:41.550Z] Checked if tokens are valid: true, expires at: 1759080914885
[debug] [2025-09-28T16:37:41.556Z] >>> [apiv2][query] GET https://firebase.googleapis.com/v1beta1/projects pageSize=100
[debug] [2025-09-28T16:37:43.382Z] <<< [apiv2][status] GET https://firebase.googleapis.com/v1beta1/projects 200
[debug] [2025-09-28T16:37:43.382Z] <<< [apiv2][body] GET https://firebase.googleapis.com/v1beta1/projects [omitted]
[info] i  Using project my-app-c1f88 (MY-app) 
[info] 
=== Dataconnect Setup
[debug] [2025-09-28T16:37:47.447Z] Checked if tokens are valid: true, expires at: 1759080914885
[debug] [2025-09-28T16:37:47.447Z] Checked if tokens are valid: true, expires at: 1759080914885
[debug] [2025-09-28T16:37:47.447Z] >>> [apiv2][query] GET https://cloudbilling.googleapis.com/v1/projects/my-app-c1f88/billingInfo [none]
[debug] [2025-09-28T16:37:50.538Z] <<< [apiv2][status] GET https://cloudbilling.googleapis.com/v1/projects/my-app-c1f88/billingInfo 200
[debug] [2025-09-28T16:37:50.538Z] <<< [apiv2][body] GET https://cloudbilling.googleapis.com/v1/projects/my-app-c1f88/billingInfo {"name":"projects/my-app-c1f88/billingInfo","projectId":"my-app-c1f88","billingAccountName":"","billingEnabled":false}
[info] i  dataconnect: ensuring required API firebasedataconnect.googleapis.com is enabled... 
[debug] [2025-09-28T16:37:50.541Z] Checked if tokens are valid: true, expires at: 1759080914885
[debug] [2025-09-28T16:37:50.542Z] Checked if tokens are valid: true, expires at: 1759080914885
[info] i  dataconnect: ensuring required API sqladmin.googleapis.com is enabled... 
[debug] [2025-09-28T16:37:50.544Z] Checked if tokens are valid: true, expires at: 1759080914885
[debug] [2025-09-28T16:37:50.544Z] Checked if tokens are valid: true, expires at: 1759080914885
[debug] [2025-09-28T16:37:50.544Z] >>> [apiv2][query] GET https://serviceusage.googleapis.com/v1/projects/my-app-c1f88/services/firebasedataconnect.googleapis.com [none]
[debug] [2025-09-28T16:37:50.544Z] >>> [apiv2][(partial)header] GET https://serviceusage.googleapis.com/v1/projects/my-app-c1f88/services/firebasedataconnect.googleapis.com x-goog-quota-user=projects/my-app-c1f88
[debug] [2025-09-28T16:37:50.547Z] >>> [apiv2][query] GET https://serviceusage.googleapis.com/v1/projects/my-app-c1f88/services/sqladmin.googleapis.com [none]
[debug] [2025-09-28T16:37:50.547Z] >>> [apiv2][(partial)header] GET https://serviceusage.googleapis.com/v1/projects/my-app-c1f88/services/sqladmin.googleapis.com x-goog-quota-user=projects/my-app-c1f88
[debug] [2025-09-28T16:37:52.055Z] <<< [apiv2][status] GET https://serviceusage.googleapis.com/v1/projects/my-app-c1f88/services/sqladmin.googleapis.com 200
[debug] [2025-09-28T16:37:52.055Z] <<< [apiv2][body] GET https://serviceusage.googleapis.com/v1/projects/my-app-c1f88/services/sqladmin.googleapis.com [omitted]
[warn] !  dataconnect: missing required API sqladmin.googleapis.com. Enabling now... 
[debug] [2025-09-28T16:37:52.057Z] Checked if tokens are valid: true, expires at: 1759080914885
[debug] [2025-09-28T16:37:52.057Z] Checked if tokens are valid: true, expires at: 1759080914885
[debug] [2025-09-28T16:37:52.058Z] >>> [apiv2][query] POST https://serviceusage.googleapis.com/v1/projects/my-app-c1f88/services/sqladmin.googleapis.com:enable [none]
[debug] [2025-09-28T16:37:52.058Z] >>> [apiv2][(partial)header] POST https://serviceusage.googleapis.com/v1/projects/my-app-c1f88/services/sqladmin.googleapis.com:enable x-goog-quota-user=projects/my-app-c1f88
[debug] [2025-09-28T16:37:52.470Z] <<< [apiv2][status] GET https://serviceusage.googleapis.com/v1/projects/my-app-c1f88/services/firebasedataconnect.googleapis.com 200
[debug] [2025-09-28T16:37:52.470Z] <<< [apiv2][body] GET https://serviceusage.googleapis.com/v1/projects/my-app-c1f88/services/firebasedataconnect.googleapis.com [omitted]
[warn] !  dataconnect: missing required API firebasedataconnect.googleapis.com. Enabling now... 
[debug] [2025-09-28T16:37:52.471Z] Checked if tokens are valid: true, expires at: 1759080914885
[debug] [2025-09-28T16:37:52.471Z] Checked if tokens are valid: true, expires at: 1759080914885
[debug] [2025-09-28T16:37:52.472Z] >>> [apiv2][query] POST https://serviceusage.googleapis.com/v1/projects/my-app-c1f88/services/firebasedataconnect.googleapis.com:enable [none]
[debug] [2025-09-28T16:37:52.472Z] >>> [apiv2][(partial)header] POST https://serviceusage.googleapis.com/v1/projects/my-app-c1f88/services/firebasedataconnect.googleapis.com:enable x-goog-quota-user=projects/my-app-c1f88
[debug] [2025-09-28T16:37:53.049Z] <<< [apiv2][status] POST https://serviceusage.googleapis.com/v1/projects/my-app-c1f88/services/sqladmin.googleapis.com:enable 200
[debug] [2025-09-28T16:37:53.049Z] <<< [apiv2][body] POST https://serviceusage.googleapis.com/v1/projects/my-app-c1f88/services/sqladmin.googleapis.com:enable [omitted]
[debug] [2025-09-28T16:37:53.615Z] <<< [apiv2][status] POST https://serviceusage.googleapis.com/v1/projects/my-app-c1f88/services/firebasedataconnect.googleapis.com:enable 200
[debug] [2025-09-28T16:37:53.615Z] <<< [apiv2][body] POST https://serviceusage.googleapis.com/v1/projects/my-app-c1f88/services/firebasedataconnect.googleapis.com:enable [omitted]
[debug] [2025-09-28T16:38:03.707Z] Checked if tokens are valid: true, expires at: 1759080914885
[debug] [2025-09-28T16:38:03.707Z] Checked if tokens are valid: true, expires at: 1759080914885
[debug] [2025-09-28T16:38:03.707Z] >>> [apiv2][query] GET https://firebasedataconnect.googleapis.com/v1/projects/my-app-c1f88/locations/-/services [none]
[debug] [2025-09-28T16:38:06.307Z] <<< [apiv2][status] GET https://firebasedataconnect.googleapis.com/v1/projects/my-app-c1f88/locations/-/services 200
[debug] [2025-09-28T16:38:06.308Z] <<< [apiv2][body] GET https://firebasedataconnect.googleapis.com/v1/projects/my-app-c1f88/locations/-/services {}
[info] +  dataconnect: Detected existing apps . (web) 
[debug] [2025-09-28T16:39:11.952Z] Checked if tokens are valid: true, expires at: 1759080914885
[debug] [2025-09-28T16:39:11.952Z] Checked if tokens are valid: true, expires at: 1759080914885
[debug] [2025-09-28T16:39:11.953Z] >>> [apiv2][query] GET https://firebasedataconnect.googleapis.com/v1/projects/my-app-c1f88/locations/us-central1/services/my-app/schemas/main [none]
[debug] [2025-09-28T16:39:15.222Z] <<< [apiv2][status] GET https://firebasedataconnect.googleapis.com/v1/projects/my-app-c1f88/locations/us-central1/services/my-app/schemas/main 404
[debug] [2025-09-28T16:39:15.222Z] <<< [apiv2][body] GET https://firebasedataconnect.googleapis.com/v1/projects/my-app-c1f88/locations/us-central1/services/my-app/schemas/main {"error":{"code":404,"message":"Resource 'projects/my-app-c1f88/locations/us-central1/services/my-app/schemas/main' was not found","status":"NOT_FOUND","details":[{"@type":"type.googleapis.com/google.rpc.ResourceInfo","resourceName":"projects/my-app-c1f88/locations/us-central1/services/my-app/schemas/main"}]}}
[info] +  Wrote dataconnect\dataconnect.yaml 
[info] +  Wrote dataconnect\schema\schema.gql 
[info] +  Wrote dataconnect\example\connector.yaml 
[info] +  Wrote dataconnect\example\queries.gql 
[info] +  Wrote dataconnect\example\mutations.gql 
[info] +  Wrote dataconnect\example\connector.yaml 
[info] i  dataconnect: Installing the generated SDKs ... 
[info] i  dataconnect: downloading dataconnect-emulator-2.13.0.exe... {"metadata":{"emulator":{"name":"dataconnect"},"message":"downloading dataconnect-emulator-2.13.0.exe..."}}
[debug] [2025-09-28T16:39:15.506Z] >>> [apiv2][query] GET https://storage.googleapis.com/firemat-preview-drop/emulator/dataconnect-emulator-windows-v2.13.0 
[debug] [2025-09-28T16:39:16.302Z] <<< [apiv2][status] GET https://storage.googleapis.com/firemat-preview-drop/emulator/dataconnect-emulator-windows-v2.13.0 200
[debug] [2025-09-28T16:39:16.302Z] <<< [apiv2][body] GET https://storage.googleapis.com/firemat-preview-drop/emulator/dataconnect-emulator-windows-v2.13.0 [stream]
[debug] [2025-09-28T16:40:17.975Z] defaultcredentials: writing to file C:\Users\HP 15S-EQ2019NS\AppData\Roaming\firebase\juan_canoac_amigo.edu.co_application_default_credentials.json
[info] +  dataconnect: Installed generated SDKs for . (web) 
[info] i  Visit https://firebase.google.com/docs/data-connect/web-sdk#react for more information on how to set up React Generated SDKs for Firebase Data Connect 
[info] 
=== Firestore Setup
[info] i  firestore: ensuring required API firestore.googleapis.com is enabled... 
[debug] [2025-09-28T16:40:53.213Z] Checked if tokens are valid: true, expires at: 1759080914885
[debug] [2025-09-28T16:40:53.213Z] Checked if tokens are valid: true, expires at: 1759080914885
[debug] [2025-09-28T16:40:53.214Z] >>> [apiv2][query] GET https://serviceusage.googleapis.com/v1/projects/my-app-c1f88/services/firestore.googleapis.com [none]
[debug] [2025-09-28T16:40:53.214Z] >>> [apiv2][(partial)header] GET https://serviceusage.googleapis.com/v1/projects/my-app-c1f88/services/firestore.googleapis.com x-goog-quota-user=projects/my-app-c1f88
[debug] [2025-09-28T16:40:55.109Z] <<< [apiv2][status] GET https://serviceusage.googleapis.com/v1/projects/my-app-c1f88/services/firestore.googleapis.com 200
[debug] [2025-09-28T16:40:55.110Z] <<< [apiv2][body] GET https://serviceusage.googleapis.com/v1/projects/my-app-c1f88/services/firestore.googleapis.com [omitted]
[warn] !  firestore: missing required API firestore.googleapis.com. Enabling now... 
[debug] [2025-09-28T16:40:55.175Z] Checked if tokens are valid: true, expires at: 1759080914885
[debug] [2025-09-28T16:40:55.176Z] Checked if tokens are valid: true, expires at: 1759080914885
[debug] [2025-09-28T16:40:55.176Z] >>> [apiv2][query] POST https://serviceusage.googleapis.com/v1/projects/my-app-c1f88/services/firestore.googleapis.com:enable [none]
[debug] [2025-09-28T16:40:55.176Z] >>> [apiv2][(partial)header] POST https://serviceusage.googleapis.com/v1/projects/my-app-c1f88/services/firestore.googleapis.com:enable x-goog-quota-user=projects/my-app-c1f88
[debug] [2025-09-28T16:40:56.133Z] <<< [apiv2][status] POST https://serviceusage.googleapis.com/v1/projects/my-app-c1f88/services/firestore.googleapis.com:enable 200
[debug] [2025-09-28T16:40:56.134Z] <<< [apiv2][body] POST https://serviceusage.googleapis.com/v1/projects/my-app-c1f88/services/firestore.googleapis.com:enable [omitted]
[debug] [2025-09-28T16:41:06.262Z] Checked if tokens are valid: true, expires at: 1759080914885
[debug] [2025-09-28T16:41:06.263Z] Checked if tokens are valid: true, expires at: 1759080914885
[debug] [2025-09-28T16:41:06.264Z] >>> [apiv2][query] GET https://firestore.googleapis.com/v1/projects/my-app-c1f88/databases [none]
[debug] [2025-09-28T16:41:08.093Z] <<< [apiv2][status] GET https://firestore.googleapis.com/v1/projects/my-app-c1f88/databases 200
[debug] [2025-09-28T16:41:08.093Z] <<< [apiv2][body] GET https://firestore.googleapis.com/v1/projects/my-app-c1f88/databases {}
[debug] [2025-09-28T16:41:08.094Z] Checked if tokens are valid: true, expires at: 1759080914885
[debug] [2025-09-28T16:41:08.094Z] Checked if tokens are valid: true, expires at: 1759080914885
[debug] [2025-09-28T16:41:08.095Z] >>> [apiv2][query] GET https://firestore.googleapis.com/v1/projects/my-app-c1f88/locations [none]
[debug] [2025-09-28T16:41:08.396Z] <<< [apiv2][status] GET https://firestore.googleapis.com/v1/projects/my-app-c1f88/locations 200
[debug] [2025-09-28T16:41:08.396Z] <<< [apiv2][body] GET https://firestore.googleapis.com/v1/projects/my-app-c1f88/locations {"locations":[{"name":"projects/my-app-c1f88/locations/eur3","labels":{"appengine.googleapis.com/geo":"europe-west","cloud.googleapis.com/location":"eur3","cloud.googleapis.com/geo":"eur3"},"metadata":{"@type":"type.googleapis.com/google.firestore.admin.v1.LocationMetadata"},"locationId":"eur3","displayName":"Europe"},{"name":"projects/my-app-c1f88/locations/nam5","labels":{"appengine.googleapis.com/geo":"us-central","cloud.googleapis.com/location":"nam5","cloud.googleapis.com/geo":"nam5"},"metadata":{"@type":"type.googleapis.com/google.firestore.admin.v1.LocationMetadata"},"locationId":"nam5","displayName":"United States"},{"name":"projects/my-app-c1f88/locations/nam7","labels":{"cloud.googleapis.com/location":"nam7","cloud.googleapis.com/geo":"nam7"},"metadata":{"@type":"type.googleapis.com/google.firestore.admin.v1.LocationMetadata"},"locationId":"nam7","displayName":"United States"},{"name":"projects/my-app-c1f88/locations/africa-south1","labels":{"cloud.googleapis.com/location":"africa-south1","cloud.googleapis.com/region":"africa-south1"},"metadata":{"@type":"type.googleapis.com/google.firestore.admin.v1.LocationMetadata"},"locationId":"africa-south1","displayName":"Johannesburg"},{"name":"projects/my-app-c1f88/locations/asia-east1","labels":{"appengine.googleapis.com/region":"asia-east1","cloud.googleapis.com/location":"asia-east1","cloud.googleapis.com/region":"asia-east1"},"metadata":{"@type":"type.googleapis.com/google.firestore.admin.v1.LocationMetadata"},"locationId":"asia-east1","displayName":"Taiwan"},{"name":"projects/my-app-c1f88/locations/asia-east2","labels":{"appengine.googleapis.com/region":"asia-east2","cloud.googleapis.com/location":"asia-east2","cloud.googleapis.com/region":"asia-east2"},"metadata":{"@type":"type.googleapis.com/google.firestore.admin.v1.LocationMetadata"},"locationId":"asia-east2","displayName":"Hong Kong"},{"name":"projects/my-app-c1f88/locations/asia-northeast1","labels":{"appengine.googleapis.com/region":"asia-northeast1","cloud.googleapis.com/location":"asia-northeast1","cloud.googleapis.com/region":"asia-northeast1"},"metadata":{"@type":"type.googleapis.com/google.firestore.admin.v1.LocationMetadata"},"locationId":"asia-northeast1","displayName":"Tokyo"},{"name":"projects/my-app-c1f88/locations/asia-northeast2","labels":{"appengine.googleapis.com/region":"asia-northeast2","cloud.googleapis.com/location":"asia-northeast2","cloud.googleapis.com/region":"asia-northeast2"},"metadata":{"@type":"type.googleapis.com/google.firestore.admin.v1.LocationMetadata"},"locationId":"asia-northeast2","displayName":"Osaka"},{"name":"projects/my-app-c1f88/locations/asia-northeast3","labels":{"appengine.googleapis.com/region":"asia-northeast3","cloud.googleapis.com/location":"asia-northeast3","cloud.googleapis.com/region":"asia-northeast3"},"metadata":{"@type":"type.googleapis.com/google.firestore.admin.v1.LocationMetadata"},"locationId":"asia-northeast3","displayName":"Seoul"},{"name":"projects/my-app-c1f88/locations/asia-south1","labels":{"appengine.googleapis.com/region":"asia-south1","cloud.googleapis.com/location":"asia-south1","cloud.googleapis.com/region":"asia-south1"},"metadata":{"@type":"type.googleapis.com/google.firestore.admin.v1.LocationMetadata"},"locationId":"asia-south1","displayName":"Mumbai"},{"name":"projects/my-app-c1f88/locations/asia-south2","labels":{"cloud.googleapis.com/location":"asia-south2","cloud.googleapis.com/region":"asia-south2"},"metadata":{"@type":"type.googleapis.com/google.firestore.admin.v1.LocationMetadata"},"locationId":"asia-south2","displayName":"Delhi"},{"name":"projects/my-app-c1f88/locations/asia-southeast1","labels":{"appengine.googleapis.com/region":"asia-southeast1","cloud.googleapis.com/location":"asia-southeast1","cloud.googleapis.com/region":"asia-southeast1"},"metadata":{"@type":"type.googleapis.com/google.firestore.admin.v1.LocationMetadata"},"locationId":"asia-southeast1","displayName":"Singapore"},{"name":"projects/my-app-c1f88/locations/asia-southeast2","labels":{"appengine.googleapis.com/region":"asia-southeast2","cloud.googleapis.com/location":"asia-southeast2","cloud.googleapis.com/region":"asia-southeast2"},"metadata":{"@type":"type.googleapis.com/google.firestore.admin.v1.LocationMetadata"},"locationId":"asia-southeast2","displayName":"Jakarta"},{"name":"projects/my-app-c1f88/locations/australia-southeast1","labels":{"appengine.googleapis.com/region":"australia-southeast1","cloud.googleapis.com/location":"australia-southeast1","cloud.googleapis.com/region":"australia-southeast1"},"metadata":{"@type":"type.googleapis.com/google.firestore.admin.v1.LocationMetadata"},"locationId":"australia-southeast1","displayName":"Sydney"},{"name":"projects/my-app-c1f88/locations/australia-southeast2","labels":{"cloud.googleapis.com/location":"australia-southeast2","cloud.googleapis.com/region":"australia-southeast2"},"metadata":{"@type":"type.googleapis.com/google.firestore.admin.v1.LocationMetadata"},"locationId":"australia-southeast2","displayName":"Melbourne"},{"name":"projects/my-app-c1f88/locations/europe-central2","labels":{"appengine.googleapis.com/region":"europe-central2","cloud.googleapis.com/location":"europe-central2","cloud.googleapis.com/region":"europe-central2"},"metadata":{"@type":"type.googleapis.com/google.firestore.admin.v1.LocationMetadata"},"locationId":"europe-central2","displayName":"Warsaw"},{"name":"projects/my-app-c1f88/locations/europe-north1","labels":{"cloud.googleapis.com/location":"europe-north1","cloud.googleapis.com/region":"europe-north1"},"metadata":{"@type":"type.googleapis.com/google.firestore.admin.v1.LocationMetadata"},"locationId":"europe-north1","displayName":"Finland"},{"name":"projects/my-app-c1f88/locations/europe-north2","labels":{"cloud.googleapis.com/location":"europe-north2","cloud.googleapis.com/region":"europe-north2"},"metadata":{"@type":"type.googleapis.com/google.firestore.admin.v1.LocationMetadata"},"locationId":"europe-north2","displayName":"Stockholm"},{"name":"projects/my-app-c1f88/locations/europe-southwest1","labels":{"cloud.googleapis.com/location":"europe-southwest1","cloud.googleapis.com/region":"europe-southwest1"},"metadata":{"@type":"type.googleapis.com/google.firestore.admin.v1.LocationMetadata"},"locationId":"europe-southwest1","displayName":"Madrid"},{"name":"projects/my-app-c1f88/locations/europe-west1","labels":{"cloud.googleapis.com/location":"europe-west1","cloud.googleapis.com/region":"europe-west1"},"metadata":{"@type":"type.googleapis.com/google.firestore.admin.v1.LocationMetadata"},"locationId":"europe-west1","displayName":"Belgium"},{"name":"projects/my-app-c1f88/locations/europe-west10","labels":{"cloud.googleapis.com/location":"europe-west10","cloud.googleapis.com/region":"europe-west10"},"metadata":{"@type":"type.googleapis.com/google.firestore.admin.v1.LocationMetadata"},"locationId":"europe-west10","displayName":"Berlin"},{"name":"projects/my-app-c1f88/locations/europe-west12","labels":{"cloud.googleapis.com/location":"europe-west12","cloud.googleapis.com/region":"europe-west12"},"metadata":{"@type":"type.googleapis.com/google.firestore.admin.v1.LocationMetadata"},"locationId":"europe-west12","displayName":"Turin"},{"name":"projects/my-app-c1f88/locations/europe-west2","labels":{"appengine.googleapis.com/region":"europe-west2","cloud.googleapis.com/location":"europe-west2","cloud.googleapis.com/region":"europe-west2"},"metadata":{"@type":"type.googleapis.com/google.firestore.admin.v1.LocationMetadata"},"locationId":"europe-west2","displayName":"London"},{"name":"projects/my-app-c1f88/locations/europe-west3","labels":{"appengine.googleapis.com/region":"europe-west3","cloud.googleapis.com/location":"europe-west3","cloud.googleapis.com/region":"europe-west3"},"metadata":{"@type":"type.googleapis.com/google.firestore.admin.v1.LocationMetadata"},"locationId":"europe-west3","displayName":"Frankfurt"},{"name":"projects/my-app-c1f88/locations/europe-west4","labels":{"cloud.googleapis.com/location":"europe-west4","cloud.googleapis.com/region":"europe-west4"},"metadata":{"@type":"type.googleapis.com/google.firestore.admin.v1.LocationMetadata"},"locationId":"europe-west4","displayName":"Netherlands"},{"name":"projects/my-app-c1f88/locations/europe-west6","labels":{"appengine.googleapis.com/region":"europe-west6","cloud.googleapis.com/location":"europe-west6","cloud.googleapis.com/region":"europe-west6"},"metadata":{"@type":"type.googleapis.com/google.firestore.admin.v1.LocationMetadata"},"locationId":"europe-west6","displayName":"Zurich"},{"name":"projects/my-app-c1f88/locations/europe-west8","labels":{"cloud.googleapis.com/location":"europe-west8","cloud.googleapis.com/region":"europe-west8"},"metadata":{"@type":"type.googleapis.com/google.firestore.admin.v1.LocationMetadata"},"locationId":"europe-west8","displayName":"Milan"},{"name":"projects/my-app-c1f88/locations/europe-west9","labels":{"cloud.googleapis.com/location":"europe-west9","cloud.googleapis.com/region":"europe-west9"},"metadata":{"@type":"type.googleapis.com/google.firestore.admin.v1.LocationMetadata"},"locationId":"europe-west9","displayName":"Paris"},{"name":"projects/my-app-c1f88/locations/me-central1","labels":{"cloud.googleapis.com/location":"me-central1","cloud.googleapis.com/region":"me-central1"},"metadata":{"@type":"type.googleapis.com/google.firestore.admin.v1.LocationMetadata"},"locationId":"me-central1","displayName":"Doha"},{"name":"projects/my-app-c1f88/locations/me-central2","labels":{"cloud.googleapis.com/location":"me-central2","cloud.googleapis.com/region":"me-central2"},"metadata":{"@type":"type.googleapis.com/google.firestore.admin.v1.LocationMetadata"},"locationId":"me-central2","displayName":"Dammam"},{"name":"projects/my-app-c1f88/locations/me-west1","labels":{"cloud.googleapis.com/location":"me-west1","cloud.googleapis.com/region":"me-west1"},"metadata":{"@type":"type.googleapis.com/google.firestore.admin.v1.LocationMetadata"},"locationId":"me-west1","displayName":"Tel Aviv"},{"name":"projects/my-app-c1f88/locations/northamerica-northeast1","labels":{"appengine.googleapis.com/region":"northamerica-northeast1","cloud.googleapis.com/location":"northamerica-northeast1","cloud.googleapis.com/region":"northamerica-northeast1"},"metadata":{"@type":"type.googleapis.com/google.firestore.admin.v1.LocationMetadata"},"locationId":"northamerica-northeast1","displayName":"Montréal"},{"name":"projects/my-app-c1f88/locations/northamerica-northeast2","labels":{"cloud.googleapis.com/location":"northamerica-northeast2","cloud.googleapis.com/region":"northamerica-northeast2"},"metadata":{"@type":"type.googleapis.com/google.firestore.admin.v1.LocationMetadata"},"locationId":"northamerica-northeast2","displayName":"Toronto"},{"name":"projects/my-app-c1f88/locations/northamerica-south1","labels":{"cloud.googleapis.com/location":"northamerica-south1","cloud.googleapis.com/region":"northamerica-south1"},"metadata":{"@type":"type.googleapis.com/google.firestore.admin.v1.LocationMetadata"},"locationId":"northamerica-south1","displayName":"Mexico"},{"name":"projects/my-app-c1f88/locations/southamerica-east1","labels":{"appengine.googleapis.com/region":"southamerica-east1","cloud.googleapis.com/location":"southamerica-east1","cloud.googleapis.com/region":"southamerica-east1"},"metadata":{"@type":"type.googleapis.com/google.firestore.admin.v1.LocationMetadata"},"locationId":"southamerica-east1","displayName":"São Paulo"},{"name":"projects/my-app-c1f88/locations/southamerica-west1","labels":{"cloud.googleapis.com/location":"southamerica-west1","cloud.googleapis.com/region":"southamerica-west1"},"metadata":{"@type":"type.googleapis.com/google.firestore.admin.v1.LocationMetadata"},"locationId":"southamerica-west1","displayName":"Santiago"},{"name":"projects/my-app-c1f88/locations/us-central1","labels":{"cloud.googleapis.com/location":"us-central1","cloud.googleapis.com/region":"us-central1"},"metadata":{"@type":"type.googleapis.com/google.firestore.admin.v1.LocationMetadata"},"locationId":"us-central1","displayName":"Iowa"},{"name":"projects/my-app-c1f88/locations/us-east1","labels":{"appengine.googleapis.com/region":"us-east1","cloud.googleapis.com/location":"us-east1","cloud.googleapis.com/region":"us-east1"},"metadata":{"@type":"type.googleapis.com/google.firestore.admin.v1.LocationMetadata"},"locationId":"us-east1","displayName":"South Carolina"},{"name":"projects/my-app-c1f88/locations/us-east4","labels":{"appengine.googleapis.com/region":"us-east4","cloud.googleapis.com/location":"us-east4","cloud.googleapis.com/region":"us-east4"},"metadata":{"@type":"type.googleapis.com/google.firestore.admin.v1.LocationMetadata"},"locationId":"us-east4","displayName":"Northern Virginia"},{"name":"projects/my-app-c1f88/locations/us-east5","labels":{"cloud.googleapis.com/location":"us-east5","cloud.googleapis.com/region":"us-east5"},"metadata":{"@type":"type.googleapis.com/google.firestore.admin.v1.LocationMetadata"},"locationId":"us-east5","displayName":"Columbus"},{"name":"projects/my-app-c1f88/locations/us-south1","labels":{"cloud.googleapis.com/location":"us-south1","cloud.googleapis.com/region":"us-south1"},"metadata":{"@type":"type.googleapis.com/google.firestore.admin.v1.LocationMetadata"},"locationId":"us-south1","displayName":"Dallas"},{"name":"projects/my-app-c1f88/locations/us-west1","labels":{"appengine.googleapis.com/region":"us-west1","cloud.googleapis.com/location":"us-west1","cloud.googleapis.com/region":"us-west1"},"metadata":{"@type":"type.googleapis.com/google.firestore.admin.v1.LocationMetadata"},"locationId":"us-west1","displayName":"Oregon"},{"name":"projects/my-app-c1f88/locations/us-west2","labels":{"appengine.googleapis.com/region":"us-west2","cloud.googleapis.com/location":"us-west2","cloud.googleapis.com/region":"us-west2"},"metadata":{"@type":"type.googleapis.com/google.firestore.admin.v1.LocationMetadata"},"locationId":"us-west2","displayName":"Los Angeles"},{"name":"projects/my-app-c1f88/locations/us-west3","labels":{"appengine.googleapis.com/region":"us-west3","cloud.googleapis.com/location":"us-west3","cloud.googleapis.com/region":"us-west3"},"metadata":{"@type":"type.googleapis.com/google.firestore.admin.v1.LocationMetadata"},"locationId":"us-west3","displayName":"Salt Lake City"},{"name":"projects/my-app-c1f88/locations/us-west4","labels":{"appengine.googleapis.com/region":"us-west4","cloud.googleapis.com/location":"us-west4","cloud.googleapis.com/region":"us-west4"},"metadata":{"@type":"type.googleapis.com/google.firestore.admin.v1.LocationMetadata"},"locationId":"us-west4","displayName":"Las Vegas"}]}
